<?xml version="1.0" encoding="UTF-8"?>
<!-- Generated by org.testng.reporters.JUnitXMLReporter -->
<testsuite ignored="0" hostname="LAPTOP-14G6ACJ1" failures="2" tests="3" name="Test" time="17.387" errors="0" timestamp="2025-06-20T16:19:39 IST">
  <testcase classname="tolearnListners.TestScript" name="clickOnBook" time="1.068"/>
  <testcase classname="tolearnListners.TestScript" name="clickOnComputers" time="8.622">
    <failure type="org.openqa.selenium.InvalidSelectorException" message="Given partial link text expression &amp;quot;COMPUTERs&amp;quot; is invalid: JavaScriptError: [Exception... &amp;quot;Component returned failure code: 0x8007000e (NS_ERROR_OUT_OF_MEMORY) [nsIXPCComponents_Utils.evalInSandbox]&amp;quot;  nsresult: &amp;quot;0x8007000e (NS_ERROR_OUT_OF_MEMORY)&amp;quot;  location: &amp;quot;JS frame :: chrome://remote/content/marionette/evaluate.sys.mjs :: evaluate.sandbox/promise&amp;lt; :: line 127&amp;quot;  data: no]
For documentation on this error, please visit: https://www.selenium.dev/documentation/webdriver/troubleshooting/errors#invalid-selector-exception
Build info: version: &amp;apos;4.18.0&amp;apos;, revision: &amp;apos;b6bf9de7cc&amp;apos;
System info: os.name: &amp;apos;Windows 11&amp;apos;, os.arch: &amp;apos;amd64&amp;apos;, os.version: &amp;apos;10.0&amp;apos;, java.version: &amp;apos;21.0.6&amp;apos;
Driver info: org.openqa.selenium.firefox.FirefoxDriver
Command: [5c7e0890-8cc7-4f2d-ad0d-34010b8b5200, findElement {value=COMPUTERs, using=partial link text}]
Capabilities {acceptInsecureCerts: true, browserName: firefox, browserVersion: 139.0.4, moz:accessibilityChecks: false, moz:buildID: 20250609112858, moz:geckodriverVersion: 0.36.0, moz:headless: false, moz:platformVersion: 10.0, moz:processID: 7968, moz:profile: C:\Users\hp\AppData\Local\T..., moz:shutdownTimeout: 60000, moz:webdriverClick: true, moz:windowless: false, pageLoadStrategy: normal, platformName: windows, proxy: Proxy(), setWindowRect: true, strictFileInteractability: false, timeouts: {implicit: 0, pageLoad: 300000, script: 30000}, unhandledPromptBehavior: dismiss and notify, userAgent: Mozilla/5.0 (Windows NT 10....}
Session ID: 5c7e0890-8cc7-4f2d-ad0d-34010b8b5200">
      <![CDATA[org.openqa.selenium.InvalidSelectorException: Given partial link text expression "COMPUTERs" is invalid: JavaScriptError: [Exception... "Component returned failure code: 0x8007000e (NS_ERROR_OUT_OF_MEMORY) [nsIXPCComponents_Utils.evalInSandbox]"  nsresult: "0x8007000e (NS_ERROR_OUT_OF_MEMORY)"  location: "JS frame :: chrome://remote/content/marionette/evaluate.sys.mjs :: evaluate.sandbox/promise< :: line 127"  data: no]
For documentation on this error, please visit: https://www.selenium.dev/documentation/webdriver/troubleshooting/errors#invalid-selector-exception
Build info: version: '4.18.0', revision: 'b6bf9de7cc'
System info: os.name: 'Windows 11', os.arch: 'amd64', os.version: '10.0', java.version: '21.0.6'
Driver info: org.openqa.selenium.firefox.FirefoxDriver
Command: [5c7e0890-8cc7-4f2d-ad0d-34010b8b5200, findElement {value=COMPUTERs, using=partial link text}]
Capabilities {acceptInsecureCerts: true, browserName: firefox, browserVersion: 139.0.4, moz:accessibilityChecks: false, moz:buildID: 20250609112858, moz:geckodriverVersion: 0.36.0, moz:headless: false, moz:platformVersion: 10.0, moz:processID: 7968, moz:profile: C:\Users\hp\AppData\Local\T..., moz:shutdownTimeout: 60000, moz:webdriverClick: true, moz:windowless: false, pageLoadStrategy: normal, platformName: windows, proxy: Proxy(), setWindowRect: true, strictFileInteractability: false, timeouts: {implicit: 0, pageLoad: 300000, script: 30000}, unhandledPromptBehavior: dismiss and notify, userAgent: Mozilla/5.0 (Windows NT 10....}
Session ID: 5c7e0890-8cc7-4f2d-ad0d-34010b8b5200
at org.openqa.selenium.remote.ErrorCodec.decode(ErrorCodec.java:167)
at org.openqa.selenium.remote.codec.w3c.W3CHttpResponseCodec.decode(W3CHttpResponseCodec.java:138)
at org.openqa.selenium.remote.codec.w3c.W3CHttpResponseCodec.decode(W3CHttpResponseCodec.java:50)
at org.openqa.selenium.remote.HttpCommandExecutor.execute(HttpCommandExecutor.java:190)
at org.openqa.selenium.remote.service.DriverCommandExecutor.invokeExecute(DriverCommandExecutor.java:216)
at org.openqa.selenium.remote.service.DriverCommandExecutor.execute(DriverCommandExecutor.java:174)
at org.openqa.selenium.remote.RemoteWebDriver.execute(RemoteWebDriver.java:519)
at org.openqa.selenium.remote.ElementLocation$ElementFinder$2.findElement(ElementLocation.java:165)
at org.openqa.selenium.remote.ElementLocation.findElement(ElementLocation.java:59)
at org.openqa.selenium.remote.RemoteWebDriver.findElement(RemoteWebDriver.java:356)
at org.openqa.selenium.remote.RemoteWebDriver.findElement(RemoteWebDriver.java:350)
at tolearnListners.TestScript.clickOnComputers(TestScript.java:19)
at java.base/java.util.ArrayList.forEach(ArrayList.java:1596)
... Removed 28 stack frames]]>
    </failure>
  </testcase> <!-- clickOnComputers -->
  <testcase classname="tolearnListners.TestScript" name="clickOnComputers" time="8.744">
    <failure type="org.openqa.selenium.NoSuchSessionException" message="WebDriver session does not exist, or is not active
Build info: version: &amp;apos;4.18.0&amp;apos;, revision: &amp;apos;b6bf9de7cc&amp;apos;
System info: os.name: &amp;apos;Windows 11&amp;apos;, os.arch: &amp;apos;amd64&amp;apos;, os.version: &amp;apos;10.0&amp;apos;, java.version: &amp;apos;21.0.6&amp;apos;
Driver info: org.openqa.selenium.firefox.FirefoxDriver
Command: [5c7e0890-8cc7-4f2d-ad0d-34010b8b5200, screenshot {}]
Capabilities {acceptInsecureCerts: true, browserName: firefox, browserVersion: 139.0.4, moz:accessibilityChecks: false, moz:buildID: 20250609112858, moz:geckodriverVersion: 0.36.0, moz:headless: false, moz:platformVersion: 10.0, moz:processID: 7968, moz:profile: C:\Users\hp\AppData\Local\T..., moz:shutdownTimeout: 60000, moz:webdriverClick: true, moz:windowless: false, pageLoadStrategy: normal, platformName: windows, proxy: Proxy(), setWindowRect: true, strictFileInteractability: false, timeouts: {implicit: 0, pageLoad: 300000, script: 30000}, unhandledPromptBehavior: dismiss and notify, userAgent: Mozilla/5.0 (Windows NT 10....}
Session ID: 5c7e0890-8cc7-4f2d-ad0d-34010b8b5200">
      <![CDATA[org.openqa.selenium.NoSuchSessionException: WebDriver session does not exist, or is not active
Build info: version: '4.18.0', revision: 'b6bf9de7cc'
System info: os.name: 'Windows 11', os.arch: 'amd64', os.version: '10.0', java.version: '21.0.6'
Driver info: org.openqa.selenium.firefox.FirefoxDriver
Command: [5c7e0890-8cc7-4f2d-ad0d-34010b8b5200, screenshot {}]
Capabilities {acceptInsecureCerts: true, browserName: firefox, browserVersion: 139.0.4, moz:accessibilityChecks: false, moz:buildID: 20250609112858, moz:geckodriverVersion: 0.36.0, moz:headless: false, moz:platformVersion: 10.0, moz:processID: 7968, moz:profile: C:\Users\hp\AppData\Local\T..., moz:shutdownTimeout: 60000, moz:webdriverClick: true, moz:windowless: false, pageLoadStrategy: normal, platformName: windows, proxy: Proxy(), setWindowRect: true, strictFileInteractability: false, timeouts: {implicit: 0, pageLoad: 300000, script: 30000}, unhandledPromptBehavior: dismiss and notify, userAgent: Mozilla/5.0 (Windows NT 10....}
Session ID: 5c7e0890-8cc7-4f2d-ad0d-34010b8b5200
at org.openqa.selenium.remote.ErrorCodec.decode(ErrorCodec.java:167)
at org.openqa.selenium.remote.codec.w3c.W3CHttpResponseCodec.decode(W3CHttpResponseCodec.java:138)
at org.openqa.selenium.remote.codec.w3c.W3CHttpResponseCodec.decode(W3CHttpResponseCodec.java:50)
at org.openqa.selenium.remote.HttpCommandExecutor.execute(HttpCommandExecutor.java:190)
at org.openqa.selenium.remote.service.DriverCommandExecutor.invokeExecute(DriverCommandExecutor.java:216)
at org.openqa.selenium.remote.service.DriverCommandExecutor.execute(DriverCommandExecutor.java:174)
at org.openqa.selenium.remote.RemoteWebDriver.execute(RemoteWebDriver.java:519)
at org.openqa.selenium.remote.RemoteWebDriver.execute(RemoteWebDriver.java:592)
at org.openqa.selenium.remote.RemoteWebDriver.execute(RemoteWebDriver.java:596)
at org.openqa.selenium.remote.RemoteWebDriver.getScreenshotAs(RemoteWebDriver.java:322)
at tolearnListners.ListenerImplimentaion.onTestFailure(ListenerImplimentaion.java:23)
at java.base/java.util.ArrayList.forEach(ArrayList.java:1596)
... Removed 27 stack frames]]>
    </failure>
  </testcase> <!-- clickOnComputers -->
</testsuite> <!-- Test -->
